<?xml version="1.0" encoding="UTF-8"?>
<!-- Generated by org.testng.reporters.JUnitXMLReporter -->
<testsuite ignored="0" hostname="DESKTOP-9UB8IQF" failures="0" tests="2" name="Default test" time="83.459" errors="0" timestamp="2022-12-07T23:41:37 IST">
  <testcase classname="neoStoxTestClasses.ValidateNeoStoxUserName" name="validateAccBalance" time="0.146"/>
  <testcase classname="neoStoxTestClasses.ValidateNeoStoxUserName" name="validateUserName" time="6.657"/>
</testsuite> <!-- Default test -->
