<?xml version="1.0" encoding="UTF-8"?>
<testng-results ignored="0" total="2" passed="2" failed="0" skipped="0">
  <reporter-output>
    <line>
      <![CDATA[Launching Browser ]]>
    </line>
    <line>
      <![CDATA[Waiting for10000ms]]>
    </line>
    <line>
      <![CDATA[Waiting for2000ms]]>
    </line>
    <line>
      <![CDATA[Waiting for1000ms]]>
    </line>
    <line>
      <![CDATA[Entering password]]>
    </line>
    <line>
      <![CDATA[Clicking on submit button]]>
    </line>
    <line>
      <![CDATA[Waiting for5000ms]]>
    </line>
    <line>
      <![CDATA[Clicking on ok button]]>
    </line>
    <line>
      <![CDATA[Waiting for5000ms]]>
    </line>
    <line>
      <![CDATA[Clicking on close button of popup]]>
    </line>
    <line>
      <![CDATA[Waiting for1000ms]]>
    </line>
    <line>
      <![CDATA[Getting actual baalance]]>
    </line>
    <line>
      <![CDATA[Waiting for1000ms]]>
    </line>
    <line>
      <![CDATA[Getting actual baalance]]>
    </line>
    <line>
      <![CDATA[ACC balance isRs.5,00,000.00]]>
    </line>
    <line>
      <![CDATA[Waiting for1000ms]]>
    </line>
    <line>
      <![CDATA[Waiting for1000ms]]>
    </line>
    <line>
      <![CDATA[Logging out from neoStox]]>
    </line>
    <line>
      <![CDATA[Waiting for10000ms]]>
    </line>
    <line>
      <![CDATA[Waiting for2000ms]]>
    </line>
    <line>
      <![CDATA[Waiting for1000ms]]>
    </line>
    <line>
      <![CDATA[Entering password]]>
    </line>
    <line>
      <![CDATA[Clicking on submit button]]>
    </line>
    <line>
      <![CDATA[there is no popup]]>
    </line>
    <line>
      <![CDATA[Waiting for6000ms]]>
    </line>
    <line>
      <![CDATA[Getting actual user name ]]>
    </line>
    <line>
      <![CDATA[Getting real actual user name Hi Rupali Malekar]]>
    </line>
    <line>
      <![CDATA[Waiting for6000ms]]>
    </line>
    <line>
      <![CDATA[Getting actual user name ]]>
    </line>
    <line>
      <![CDATA[Getting real actual user name Hi Rupali Malekar]]>
    </line>
    <line>
      <![CDATA[Waiting for600ms]]>
    </line>
    <line>
      <![CDATA[Taking Screenshot]]>
    </line>
    <line>
      <![CDATA[Waiting for1000ms]]>
    </line>
    <line>
      <![CDATA[Waiting for1000ms]]>
    </line>
    <line>
      <![CDATA[Logging out from neoStox]]>
    </line>
  </reporter-output>
  <suite started-at="2022-12-07T23:40:13 IST" name="Default suite" finished-at="2022-12-07T23:41:37 IST" duration-ms="83459">
    <groups>
    </groups>
    <test started-at="2022-12-07T23:40:13 IST" name="Default test" finished-at="2022-12-07T23:41:37 IST" duration-ms="83459">
      <class name="neoStoxTestClasses.ValidateNeoStoxUserName">
        <test-method is-config="true" signature="launchNeoStox()[pri:0, instance:neoStoxTestClasses.ValidateNeoStoxUserName@4f80542f]" started-at="2022-12-07T23:40:14 IST" name="launchNeoStox" finished-at="2022-12-07T23:40:38 IST" duration-ms="24722" status="PASS">
          <reporter-output>
            <line>
              <![CDATA[Launching Browser ]]>
            </line>
          </reporter-output>
        </test-method> <!-- launchNeoStox -->
        <test-method is-config="true" signature="loginNeoStox()[pri:0, instance:neoStoxTestClasses.ValidateNeoStoxUserName@4f80542f]" started-at="2022-12-07T23:40:38 IST" name="loginNeoStox" finished-at="2022-12-07T23:41:05 IST" duration-ms="26466" status="PASS">
          <reporter-output>
            <line>
              <![CDATA[Waiting for10000ms]]>
            </line>
            <line>
              <![CDATA[Waiting for2000ms]]>
            </line>
            <line>
              <![CDATA[Waiting for1000ms]]>
            </line>
            <line>
              <![CDATA[Entering password]]>
            </line>
            <line>
              <![CDATA[Clicking on submit button]]>
            </line>
            <line>
              <![CDATA[Waiting for5000ms]]>
            </line>
            <line>
              <![CDATA[Clicking on ok button]]>
            </line>
            <line>
              <![CDATA[Waiting for5000ms]]>
            </line>
            <line>
              <![CDATA[Clicking on close button of popup]]>
            </line>
          </reporter-output>
        </test-method> <!-- loginNeoStox -->
        <test-method signature="validateAccBalance()[pri:0, instance:neoStoxTestClasses.ValidateNeoStoxUserName@4f80542f]" started-at="2022-12-07T23:41:05 IST" name="validateAccBalance" finished-at="2022-12-07T23:41:05 IST" duration-ms="146" status="PASS">
          <reporter-output>
            <line>
              <![CDATA[Waiting for1000ms]]>
            </line>
            <line>
              <![CDATA[Getting actual baalance]]>
            </line>
            <line>
              <![CDATA[Waiting for1000ms]]>
            </line>
            <line>
              <![CDATA[Getting actual baalance]]>
            </line>
            <line>
              <![CDATA[ACC balance isRs.5,00,000.00]]>
            </line>
          </reporter-output>
        </test-method> <!-- validateAccBalance -->
        <test-method is-config="true" signature="logout()[pri:0, instance:neoStoxTestClasses.ValidateNeoStoxUserName@4f80542f]" started-at="2022-12-07T23:41:05 IST" name="logout" finished-at="2022-12-07T23:41:05 IST" duration-ms="216" status="PASS">
          <reporter-output>
            <line>
              <![CDATA[Waiting for1000ms]]>
            </line>
            <line>
              <![CDATA[Waiting for1000ms]]>
            </line>
            <line>
              <![CDATA[Logging out from neoStox]]>
            </line>
          </reporter-output>
        </test-method> <!-- logout -->
        <test-method is-config="true" signature="loginNeoStox()[pri:0, instance:neoStoxTestClasses.ValidateNeoStoxUserName@4f80542f]" started-at="2022-12-07T23:41:05 IST" name="loginNeoStox" finished-at="2022-12-07T23:41:29 IST" duration-ms="24226" status="PASS">
          <reporter-output>
            <line>
              <![CDATA[Waiting for10000ms]]>
            </line>
            <line>
              <![CDATA[Waiting for2000ms]]>
            </line>
            <line>
              <![CDATA[Waiting for1000ms]]>
            </line>
            <line>
              <![CDATA[Entering password]]>
            </line>
            <line>
              <![CDATA[Clicking on submit button]]>
            </line>
            <line>
              <![CDATA[there is no popup]]>
            </line>
          </reporter-output>
        </test-method> <!-- loginNeoStox -->
        <test-method signature="validateUserName()[pri:0, instance:neoStoxTestClasses.ValidateNeoStoxUserName@4f80542f]" started-at="2022-12-07T23:41:29 IST" name="validateUserName" finished-at="2022-12-07T23:41:36 IST" duration-ms="6657" status="PASS">
          <reporter-output>
            <line>
              <![CDATA[Waiting for6000ms]]>
            </line>
            <line>
              <![CDATA[Getting actual user name ]]>
            </line>
            <line>
              <![CDATA[Getting real actual user name Hi Rupali Malekar]]>
            </line>
            <line>
              <![CDATA[Waiting for6000ms]]>
            </line>
            <line>
              <![CDATA[Getting actual user name ]]>
            </line>
            <line>
              <![CDATA[Getting real actual user name Hi Rupali Malekar]]>
            </line>
            <line>
              <![CDATA[Waiting for600ms]]>
            </line>
            <line>
              <![CDATA[Taking Screenshot]]>
            </line>
          </reporter-output>
        </test-method> <!-- validateUserName -->
        <test-method is-config="true" signature="logout()[pri:0, instance:neoStoxTestClasses.ValidateNeoStoxUserName@4f80542f]" started-at="2022-12-07T23:41:36 IST" name="logout" finished-at="2022-12-07T23:41:36 IST" duration-ms="380" status="PASS">
          <reporter-output>
            <line>
              <![CDATA[Waiting for1000ms]]>
            </line>
            <line>
              <![CDATA[Waiting for1000ms]]>
            </line>
            <line>
              <![CDATA[Logging out from neoStox]]>
            </line>
          </reporter-output>
        </test-method> <!-- logout -->
        <test-method is-config="true" signature="closeApp()[pri:0, instance:neoStoxTestClasses.ValidateNeoStoxUserName@4f80542f]" started-at="2022-12-07T23:41:36 IST" name="closeApp" finished-at="2022-12-07T23:41:37 IST" duration-ms="578" status="PASS">
          <reporter-output>
          </reporter-output>
        </test-method> <!-- closeApp -->
      </class> <!-- neoStoxTestClasses.ValidateNeoStoxUserName -->
    </test> <!-- Default test -->
  </suite> <!-- Default suite -->
</testng-results>
